  [1m[35m (0.4ms)[0m  [1m[34mSELECT sqlite_version(*)[0m
  ↳ bin/rails:9
  [1m[35m (429.3ms)[0m  [1m[35mCREATE TABLE "schema_migrations" ("version" varchar NOT NULL PRIMARY KEY)[0m
  ↳ bin/rails:9
  [1m[35m (122.9ms)[0m  [1m[35mCREATE TABLE "ar_internal_metadata" ("key" varchar NOT NULL PRIMARY KEY, "value" varchar, "created_at" datetime NOT NULL, "updated_at" datetime NOT NULL)[0m
  ↳ bin/rails:9
  [1m[35m (1.2ms)[0m  [1m[34mSELECT "schema_migrations"."version" FROM "schema_migrations" ORDER BY "schema_migrations"."version" ASC[0m
  ↳ bin/rails:9
Migrating to CreateUsers (20190731095921)
  [1m[35m (0.1ms)[0m  [1m[36mbegin transaction[0m
  ↳ bin/rails:9
  [1m[35m (4.0ms)[0m  [1m[35mCREATE TABLE "users" ("id" integer PRIMARY KEY AUTOINCREMENT NOT NULL, "name" varchar, "email" varchar, "password_digest" varchar, "created_at" datetime NOT NULL, "updated_at" datetime NOT NULL)[0m
  ↳ db/migrate/20190731095921_create_users.rb:3
  [1m[36mActiveRecord::SchemaMigration Create (0.6ms)[0m  [1m[32mINSERT INTO "schema_migrations" ("version") VALUES (?)[0m  [["version", "20190731095921"]]
  ↳ bin/rails:9
  [1m[35m (66.3ms)[0m  [1m[36mcommit transaction[0m
  ↳ bin/rails:9
  [1m[36mActiveRecord::InternalMetadata Load (1.4ms)[0m  [1m[34mSELECT  "ar_internal_metadata".* FROM "ar_internal_metadata" WHERE "ar_internal_metadata"."key" = ? LIMIT ?[0m  [["key", "environment"], ["LIMIT", 1]]
  ↳ bin/rails:9
  [1m[35m (0.2ms)[0m  [1m[36mbegin transaction[0m
  ↳ bin/rails:9
  [1m[36mActiveRecord::InternalMetadata Create (13.9ms)[0m  [1m[32mINSERT INTO "ar_internal_metadata" ("key", "value", "created_at", "updated_at") VALUES (?, ?, ?, ?)[0m  [["key", "environment"], ["value", "development"], ["created_at", "2019-07-31 10:01:02.305030"], ["updated_at", "2019-07-31 10:01:02.305030"]]
  ↳ bin/rails:9
  [1m[35m (55.5ms)[0m  [1m[36mcommit transaction[0m
  ↳ bin/rails:9
  [1m[35m (2.2ms)[0m  [1m[34mSELECT "schema_migrations"."version" FROM "schema_migrations" ORDER BY "schema_migrations"."version" ASC[0m
  ↳ bin/rails:9
  [1m[35m (0.3ms)[0m  [1m[36mbegin transaction[0m
  [1m[36mUser Create (17.1ms)[0m  [1m[32mINSERT INTO "users" ("name", "email", "password_digest", "created_at", "updated_at") VALUES (?, ?, ?, ?, ?)[0m  [["name", "Daniel"], ["email", "dani@dani.com"], ["password_digest", "$2a$12$mag2kiC39MZ/DvlAt9d2.eeIJ6ZaBETty46gFhltmUL6pQxNesU9e"], ["created_at", "2019-07-31 10:05:28.822324"], ["updated_at", "2019-07-31 10:05:28.822324"]]
  [1m[35m (249.5ms)[0m  [1m[36mcommit transaction[0m
  [1m[35m (0.1ms)[0m  [1m[36mbegin transaction[0m
  [1m[36mUser Create (75.6ms)[0m  [1m[32mINSERT INTO "users" ("name", "email", "password_digest", "created_at", "updated_at") VALUES (?, ?, ?, ?, ?)[0m  [["name", "Raj"], ["email", "raj@raj.com"], ["password_digest", "$2a$12$cazj7WztC7/FzHUAtXlRYe29xl797YEIPAuD8L33Ic9/AtjAMPbyW"], ["created_at", "2019-07-31 10:06:06.883985"], ["updated_at", "2019-07-31 10:06:06.883985"]]
  [1m[35m (308.9ms)[0m  [1m[36mcommit transaction[0m
  [1m[35m (1.1ms)[0m  [1m[34mSELECT COUNT(*) FROM "users"[0m
  [1m[36mUser Load (3.6ms)[0m  [1m[34mSELECT  "users".* FROM "users" ORDER BY "users"."id" ASC LIMIT ?[0m  [["LIMIT", 1]]
  [1m[36mUser Load (1.2ms)[0m  [1m[34mSELECT  "users".* FROM "users" ORDER BY "users"."id" DESC LIMIT ?[0m  [["LIMIT", 1]]
Started GET "/sessions/new" for ::1 at 2019-07-31 16:08:50 +0530
  [1m[35m (5.1ms)[0m  [1m[34mSELECT "schema_migrations"."version" FROM "schema_migrations" ORDER BY "schema_migrations"."version" ASC[0m
  ↳ /home/raj/.rbenv/versions/2.6.1/lib/ruby/gems/2.6.0/gems/activerecord-5.2.3/lib/active_record/log_subscriber.rb:98
Processing by SessionsController#new as HTML
Completed 500 Internal Server Error in 145ms (ActiveRecord: 0.0ms)


  
NoMethodError (undefined method `id' for :user:Symbol):
  
app/controllers/sessions_controller.rb:3:in `new'
Started GET "/sessions/new" for ::1 at 2019-07-31 16:09:38 +0530
Processing by SessionsController#new as HTML
  Rendering sessions/new.html.erb within layouts/application
  Rendered sessions/new.html.erb within layouts/application (1405.4ms)
Completed 500 Internal Server Error in 1596ms (ActiveRecord: 0.0ms)


  
ActionView::Template::Error (undefined local variable or method `login_path' for #<#<Class:0x00007fffd6e44bd8>:0x00007fffd6e5ebf0>):
    3: 
    4: <div class="row">
    5:   <div class="col-md-6 col-md-offset-3">
    6:     <%= form_for(:session, url: login_path) do |f| %>
    7: 
    8:       <%= f.label :email %>
    9:       <%= f.email_field :email, class: 'form-control' %>
  
app/views/sessions/new.html.erb:6:in `_app_views_sessions_new_html_erb___875564111343690976_70368399340840'
Started GET "/sessions/new" for ::1 at 2019-07-31 16:10:29 +0530
  
ArgumentError (Missing :controller key on routes definition, please check your routes.):
  
config/routes.rb:2:in `block in <main>'
config/routes.rb:1:in `<main>'
Started GET "/sessions/new" for ::1 at 2019-07-31 16:12:52 +0530
  
SyntaxError (/mnt/e/MVProgram/Authentication/config/routes.rb:4: syntax error, unexpected tIDENTIFIER, expecting end
  delete '/logout' to: 'sessions#destroy'
                   ^~):
  
config/routes.rb:4: syntax error, unexpected tIDENTIFIER, expecting end
Started GET "/sessions/new" for ::1 at 2019-07-31 16:13:23 +0530
  
ActionController::RoutingError (No route matches [GET] "/sessions/new"):
  
actionpack (5.2.3) lib/action_dispatch/middleware/debug_exceptions.rb:65:in `call'
web-console (3.7.0) lib/web_console/middleware.rb:135:in `call_app'
web-console (3.7.0) lib/web_console/middleware.rb:30:in `block in call'
web-console (3.7.0) lib/web_console/middleware.rb:20:in `catch'
web-console (3.7.0) lib/web_console/middleware.rb:20:in `call'
actionpack (5.2.3) lib/action_dispatch/middleware/show_exceptions.rb:33:in `call'
railties (5.2.3) lib/rails/rack/logger.rb:38:in `call_app'
railties (5.2.3) lib/rails/rack/logger.rb:26:in `block in call'
activesupport (5.2.3) lib/active_support/tagged_logging.rb:71:in `block in tagged'
activesupport (5.2.3) lib/active_support/tagged_logging.rb:28:in `tagged'
activesupport (5.2.3) lib/active_support/tagged_logging.rb:71:in `tagged'
railties (5.2.3) lib/rails/rack/logger.rb:26:in `call'
sprockets-rails (3.2.1) lib/sprockets/rails/quiet_assets.rb:13:in `call'
actionpack (5.2.3) lib/action_dispatch/middleware/remote_ip.rb:81:in `call'
actionpack (5.2.3) lib/action_dispatch/middleware/request_id.rb:27:in `call'
rack (2.0.7) lib/rack/method_override.rb:22:in `call'
rack (2.0.7) lib/rack/runtime.rb:22:in `call'
activesupport (5.2.3) lib/active_support/cache/strategy/local_cache_middleware.rb:29:in `call'
actionpack (5.2.3) lib/action_dispatch/middleware/executor.rb:14:in `call'
actionpack (5.2.3) lib/action_dispatch/middleware/static.rb:127:in `call'
rack (2.0.7) lib/rack/sendfile.rb:111:in `call'
railties (5.2.3) lib/rails/engine.rb:524:in `call'
puma (3.12.1) lib/puma/configuration.rb:227:in `call'
puma (3.12.1) lib/puma/server.rb:660:in `handle_request'
puma (3.12.1) lib/puma/server.rb:474:in `process_client'
puma (3.12.1) lib/puma/server.rb:334:in `block in run'
puma (3.12.1) lib/puma/thread_pool.rb:135:in `block in spawn_thread'
Started GET "/sessions/login" for ::1 at 2019-07-31 16:13:56 +0530
  
ActionController::RoutingError (No route matches [GET] "/sessions/login"):
  
actionpack (5.2.3) lib/action_dispatch/middleware/debug_exceptions.rb:65:in `call'
web-console (3.7.0) lib/web_console/middleware.rb:135:in `call_app'
web-console (3.7.0) lib/web_console/middleware.rb:30:in `block in call'
web-console (3.7.0) lib/web_console/middleware.rb:20:in `catch'
web-console (3.7.0) lib/web_console/middleware.rb:20:in `call'
actionpack (5.2.3) lib/action_dispatch/middleware/show_exceptions.rb:33:in `call'
railties (5.2.3) lib/rails/rack/logger.rb:38:in `call_app'
railties (5.2.3) lib/rails/rack/logger.rb:26:in `block in call'
activesupport (5.2.3) lib/active_support/tagged_logging.rb:71:in `block in tagged'
activesupport (5.2.3) lib/active_support/tagged_logging.rb:28:in `tagged'
activesupport (5.2.3) lib/active_support/tagged_logging.rb:71:in `tagged'
railties (5.2.3) lib/rails/rack/logger.rb:26:in `call'
sprockets-rails (3.2.1) lib/sprockets/rails/quiet_assets.rb:13:in `call'
actionpack (5.2.3) lib/action_dispatch/middleware/remote_ip.rb:81:in `call'
actionpack (5.2.3) lib/action_dispatch/middleware/request_id.rb:27:in `call'
rack (2.0.7) lib/rack/method_override.rb:22:in `call'
rack (2.0.7) lib/rack/runtime.rb:22:in `call'
activesupport (5.2.3) lib/active_support/cache/strategy/local_cache_middleware.rb:29:in `call'
actionpack (5.2.3) lib/action_dispatch/middleware/executor.rb:14:in `call'
actionpack (5.2.3) lib/action_dispatch/middleware/static.rb:127:in `call'
rack (2.0.7) lib/rack/sendfile.rb:111:in `call'
railties (5.2.3) lib/rails/engine.rb:524:in `call'
puma (3.12.1) lib/puma/configuration.rb:227:in `call'
puma (3.12.1) lib/puma/server.rb:660:in `handle_request'
puma (3.12.1) lib/puma/server.rb:474:in `process_client'
puma (3.12.1) lib/puma/server.rb:334:in `block in run'
puma (3.12.1) lib/puma/thread_pool.rb:135:in `block in spawn_thread'
Started GET "/login" for ::1 at 2019-07-31 16:14:07 +0530
Processing by SessionsController#new as HTML
  Rendering sessions/new.html.erb within layouts/application
  Rendered sessions/new.html.erb within layouts/application (3808.4ms)
Completed 500 Internal Server Error in 3868ms (ActiveRecord: 0.0ms)


  
ActionView::Template::Error (undefined local variable or method `signup_path' for #<#<Class:0x00007fffd68ff998>:0x00007fffd694e7a0>):
    14:       <%= f.submit "Log in", class: "btn btn-primary" %>
    15:     <% end %>
    16: 
    17:     <p>New user? <%= link_to "Sign up now!", signup_path %></p>
    18:   </div>
    19: </div>
  
app/views/sessions/new.html.erb:17:in `_app_views_sessions_new_html_erb___875564111343690976_70368396554720'
Started GET "/login" for ::1 at 2019-07-31 16:14:12 +0530
Processing by SessionsController#new as HTML
  Rendering sessions/new.html.erb within layouts/application
  Rendered sessions/new.html.erb within layouts/application (1147.5ms)
Completed 500 Internal Server Error in 1209ms (ActiveRecord: 0.0ms)


  
ActionView::Template::Error (undefined local variable or method `signup_path' for #<#<Class:0x00007fffd68ff998>:0x00007f66f09725a8>):
    14:       <%= f.submit "Log in", class: "btn btn-primary" %>
    15:     <% end %>
    16: 
    17:     <p>New user? <%= link_to "Sign up now!", signup_path %></p>
    18:   </div>
    19: </div>
  
app/views/sessions/new.html.erb:17:in `_app_views_sessions_new_html_erb___875564111343690976_70040049916180'
Started GET "/login" for ::1 at 2019-07-31 16:15:46 +0530
Processing by SessionsController#new as HTML
  Rendering sessions/new.html.erb within layouts/application
  Rendered sessions/new.html.erb within layouts/application (4.1ms)
Completed 200 OK in 24555ms (Views: 24491.8ms | ActiveRecord: 0.0ms)


Started POST "/login" for ::1 at 2019-07-31 16:17:47 +0530
Processing by SessionsController#create as HTML
  Parameters: {"utf8"=>"✓", "authenticity_token"=>"hTEVASWSR0iqUSJTigOJaqE34kHQMpiuf2KBebQHuPRD2SsQthGhza3KWD53H86KjKQbALP/dT6Ta5+RW6CBSA==", "session"=>{"email"=>"raj@raj.com", "password"=>"[FILTERED]"}, "commit"=>"Log in"}
  Rendering sessions/create.html.erb within layouts/application
  Rendered sessions/create.html.erb within layouts/application (5.3ms)
Completed 200 OK in 743ms (Views: 669.1ms | ActiveRecord: 0.0ms)


  [1m[35m (1.1ms)[0m  [1m[34mSELECT "schema_migrations"."version" FROM "schema_migrations" ORDER BY "schema_migrations"."version" ASC[0m
  ↳ bin/rails:9
Migrating to AddRememberTokenToUsers (20190731104929)
  [1m[35m (0.1ms)[0m  [1m[36mbegin transaction[0m
  ↳ bin/rails:9
  [1m[35m (246.8ms)[0m  [1m[35mALTER TABLE "users" ADD "remember_token" varchar[0m
  ↳ db/migrate/20190731104929_add_remember_token_to_users.rb:3
  [1m[36mActiveRecord::SchemaMigration Create (0.6ms)[0m  [1m[32mINSERT INTO "schema_migrations" ("version") VALUES (?)[0m  [["version", "20190731104929"]]
  ↳ bin/rails:9
  [1m[35m (829.8ms)[0m  [1m[36mcommit transaction[0m
  ↳ bin/rails:9
  [1m[36mActiveRecord::InternalMetadata Load (1.7ms)[0m  [1m[34mSELECT  "ar_internal_metadata".* FROM "ar_internal_metadata" WHERE "ar_internal_metadata"."key" = ? LIMIT ?[0m  [["key", "environment"], ["LIMIT", 1]]
  ↳ bin/rails:9
  [1m[35m (0.1ms)[0m  [1m[36mbegin transaction[0m
  ↳ bin/rails:9
  [1m[35m (0.1ms)[0m  [1m[36mcommit transaction[0m
  ↳ bin/rails:9
  [1m[35m (2.1ms)[0m  [1m[34mSELECT "schema_migrations"."version" FROM "schema_migrations" ORDER BY "schema_migrations"."version" ASC[0m
  ↳ bin/rails:9
  [1m[35m (1.1ms)[0m  [1m[34mSELECT "schema_migrations"."version" FROM "schema_migrations" ORDER BY "schema_migrations"."version" ASC[0m
  ↳ bin/rails:9
Migrating to ChangeColumnName (20190731142753)
  [1m[35m (0.3ms)[0m  [1m[36mbegin transaction[0m
  ↳ bin/rails:9
  [1m[35m (0.1ms)[0m  [1m[34mSELECT sqlite_version(*)[0m
  ↳ db/migrate/20190731142753_change_column_name.rb:3
  [1m[35m (3.9ms)[0m  [1m[35mCREATE TEMPORARY TABLE "ausers" ("id" integer NOT NULL PRIMARY KEY, "name" varchar DEFAULT NULL, "email" varchar DEFAULT NULL, "password_digest" varchar DEFAULT NULL, "created_at" datetime NOT NULL, "updated_at" datetime NOT NULL, "remember_digest" varchar DEFAULT NULL)[0m
  ↳ db/migrate/20190731142753_change_column_name.rb:3
  [1m[35m (3.4ms)[0m  [1m[32mINSERT INTO "ausers" ("id","name","email","password_digest","created_at","updated_at","remember_digest")
                     SELECT "id","name","email","password_digest","created_at","updated_at","remember_token" FROM "users"[0m
  ↳ db/migrate/20190731142753_change_column_name.rb:3
  [1m[35m (14.4ms)[0m  [1m[35mDROP TABLE "users"[0m
  ↳ db/migrate/20190731142753_change_column_name.rb:3
  [1m[35m (0.6ms)[0m  [1m[35mCREATE TABLE "users" ("id" integer NOT NULL PRIMARY KEY, "name" varchar DEFAULT NULL, "email" varchar DEFAULT NULL, "password_digest" varchar DEFAULT NULL, "created_at" datetime NOT NULL, "updated_at" datetime NOT NULL, "remember_digest" varchar DEFAULT NULL)[0m
  ↳ db/migrate/20190731142753_change_column_name.rb:3
  [1m[35m (4.1ms)[0m  [1m[32mINSERT INTO "users" ("id","name","email","password_digest","created_at","updated_at","remember_digest")
                     SELECT "id","name","email","password_digest","created_at","updated_at","remember_digest" FROM "ausers"[0m
  ↳ db/migrate/20190731142753_change_column_name.rb:3
  [1m[35m (0.7ms)[0m  [1m[35mDROP TABLE "ausers"[0m
  ↳ db/migrate/20190731142753_change_column_name.rb:3
  [1m[36mActiveRecord::SchemaMigration Create (1.0ms)[0m  [1m[32mINSERT INTO "schema_migrations" ("version") VALUES (?)[0m  [["version", "20190731142753"]]
  ↳ bin/rails:9
  [1m[35m (96.1ms)[0m  [1m[36mcommit transaction[0m
  ↳ bin/rails:9
  [1m[36mActiveRecord::InternalMetadata Load (1.1ms)[0m  [1m[34mSELECT  "ar_internal_metadata".* FROM "ar_internal_metadata" WHERE "ar_internal_metadata"."key" = ? LIMIT ?[0m  [["key", "environment"], ["LIMIT", 1]]
  ↳ bin/rails:9
  [1m[35m (0.1ms)[0m  [1m[36mbegin transaction[0m
  ↳ bin/rails:9
  [1m[35m (0.1ms)[0m  [1m[36mcommit transaction[0m
  ↳ bin/rails:9
  [1m[35m (1.2ms)[0m  [1m[34mSELECT "schema_migrations"."version" FROM "schema_migrations" ORDER BY "schema_migrations"."version" ASC[0m
  ↳ bin/rails:9
  [1m[36mUser Load (2.4ms)[0m  [1m[34mSELECT  "users".* FROM "users" LIMIT ?[0m  [["LIMIT", 11]]
  [1m[35m (0.2ms)[0m  [1m[34mSELECT COUNT(*) FROM "users"[0m
Started GET "/login" for 127.0.0.1 at 2019-07-31 18:27:45 +0300
  [1m[35m (0.4ms)[0m  [1m[34mSELECT "schema_migrations"."version" FROM "schema_migrations" ORDER BY "schema_migrations"."version" ASC[0m
  ↳ /home/danie/.rbenv/versions/2.6.1/lib/ruby/gems/2.6.0/gems/activerecord-5.2.3/lib/active_record/log_subscriber.rb:98
  
SyntaxError (/home/danie/Documents/MV/Authentication/app/helpers/sessions_helper.rb:8: syntax error, unexpected '.'
/home/danie/Documents/MV/Authentication/app/helpers/sessions_helper.rb:15: syntax error, unexpected end, expecting end-of-input):
  
app/helpers/sessions_helper.rb:8: syntax error, unexpected '.'
app/helpers/sessions_helper.rb:15: syntax error, unexpected end, expecting end-of-input
app/controllers/application_controller.rb:1:in `<main>'
app/controllers/sessions_controller.rb:1:in `<main>'
Started GET "/login" for 127.0.0.1 at 2019-07-31 18:28:20 +0300
Processing by SessionsController#new as HTML
  Rendering sessions/new.html.erb within layouts/application
  Rendered sessions/new.html.erb within layouts/application (140.5ms)
Completed 200 OK in 1321ms (Views: 1316.8ms | ActiveRecord: 0.0ms)


Started POST "/login" for 127.0.0.1 at 2019-07-31 18:28:35 +0300
Processing by SessionsController#create as HTML
  Parameters: {"utf8"=>"✓", "authenticity_token"=>"wjwdE9l3abnHzQn2zFpDVtkS9Hmwekbq/QLs57u1oT6So04tt4vY4/QP2cdRbXb9CsKlaYnzWjaQHNMhYN3AXA==", "session"=>{"email"=>"fadlfj@alkdfj.com", "password"=>"[FILTERED]"}, "commit"=>"Log in"}
  [1m[36mUser Load (1.0ms)[0m  [1m[34mSELECT  "users".* FROM "users" WHERE "users"."email" = ? LIMIT ?[0m  [["email", "fadlfj@alkdfj.com"], ["LIMIT", 1]]
  ↳ app/controllers/sessions_controller.rb:7
  Rendering sessions/new.html.erb within layouts/application
  Rendered sessions/new.html.erb within layouts/application (6.3ms)
Completed 200 OK in 240ms (Views: 93.5ms | ActiveRecord: 6.9ms)


Started POST "/login" for 127.0.0.1 at 2019-07-31 18:29:08 +0300
Processing by SessionsController#create as HTML
  Parameters: {"utf8"=>"✓", "authenticity_token"=>"XGI9ZoCUC9mrh23UT0xf+WhplISyE+xHYYtUZQSOkCIM/W5Y7mi6g5hFveXSe2pSu7nFlIua8JsMlWuj3+bxQA==", "session"=>{"email"=>"dani@dani.com", "password"=>"[FILTERED]"}, "commit"=>"Log in"}
  [1m[36mUser Load (0.3ms)[0m  [1m[34mSELECT  "users".* FROM "users" WHERE "users"."email" = ? LIMIT ?[0m  [["email", "dani@dani.com"], ["LIMIT", 1]]
  ↳ app/controllers/sessions_controller.rb:7
Redirected to 
Completed 500 Internal Server Error in 941ms (ActiveRecord: 1.3ms)


  
NoMethodError (undefined method `user_url' for #<SessionsController:0x00007f62e04534f0>):
  
app/controllers/sessions_controller.rb:10:in `create'
Started GET "/login" for 127.0.0.1 at 2019-07-31 18:50:16 +0300
  
NameError (undefined local variable or method `only' for #<ActionDispatch::Routing::Mapper:0x00007f62e0b898a0>):
  
config/routes.rb:5:in `block in <main>'
config/routes.rb:1:in `<main>'
Started GET "/login" for 127.0.0.1 at 2019-07-31 18:51:05 +0300
  
ArgumentError (wrong number of arguments (given 3, expected 1..2)):
  
config/routes.rb:5:in `[]'
config/routes.rb:5:in `block in <main>'
config/routes.rb:1:in `<main>'
Started GET "/login" for 127.0.0.1 at 2019-07-31 18:51:25 +0300
  
NameError (undefined local variable or method `only' for #<ActionDispatch::Routing::Mapper:0x00007f62d5131700>):
  
config/routes.rb:5:in `block in <main>'
config/routes.rb:1:in `<main>'
Started GET "/login" for 127.0.0.1 at 2019-07-31 18:52:15 +0300
  
NameError (undefined local variable or method `only' for #<ActionDispatch::Routing::Mapper:0x00007f62e27bc6d0>):
  
config/routes.rb:5:in `block in <main>'
config/routes.rb:1:in `<main>'
Started GET "/login" for 127.0.0.1 at 2019-07-31 18:52:23 +0300
  
NameError (undefined local variable or method `only' for #<ActionDispatch::Routing::Mapper:0x00007f62cc246770>):
  
config/routes.rb:5:in `block in <main>'
config/routes.rb:1:in `<main>'
Started GET "/login" for 127.0.0.1 at 2019-07-31 18:52:43 +0300
  [1m[35m (0.3ms)[0m  [1m[34mSELECT "schema_migrations"."version" FROM "schema_migrations" ORDER BY "schema_migrations"."version" ASC[0m
  ↳ /home/danie/.rbenv/versions/2.6.1/lib/ruby/gems/2.6.0/gems/activerecord-5.2.3/lib/active_record/log_subscriber.rb:98
  
ActiveRecord::PendingMigrationError (

Migrations are pending. To resolve this issue, run:

        bin/rails db:migrate RAILS_ENV=development

):
  
activerecord (5.2.3) lib/active_record/migration.rb:579:in `check_pending!'
activerecord (5.2.3) lib/active_record/migration.rb:556:in `call'
actionpack (5.2.3) lib/action_dispatch/middleware/callbacks.rb:28:in `block in call'
activesupport (5.2.3) lib/active_support/callbacks.rb:98:in `run_callbacks'
actionpack (5.2.3) lib/action_dispatch/middleware/callbacks.rb:26:in `call'
actionpack (5.2.3) lib/action_dispatch/middleware/executor.rb:14:in `call'
actionpack (5.2.3) lib/action_dispatch/middleware/debug_exceptions.rb:61:in `call'
web-console (3.7.0) lib/web_console/middleware.rb:135:in `call_app'
web-console (3.7.0) lib/web_console/middleware.rb:30:in `block in call'
web-console (3.7.0) lib/web_console/middleware.rb:20:in `catch'
web-console (3.7.0) lib/web_console/middleware.rb:20:in `call'
actionpack (5.2.3) lib/action_dispatch/middleware/show_exceptions.rb:33:in `call'
railties (5.2.3) lib/rails/rack/logger.rb:38:in `call_app'
railties (5.2.3) lib/rails/rack/logger.rb:26:in `block in call'
activesupport (5.2.3) lib/active_support/tagged_logging.rb:71:in `block in tagged'
activesupport (5.2.3) lib/active_support/tagged_logging.rb:28:in `tagged'
activesupport (5.2.3) lib/active_support/tagged_logging.rb:71:in `tagged'
railties (5.2.3) lib/rails/rack/logger.rb:26:in `call'
sprockets-rails (3.2.1) lib/sprockets/rails/quiet_assets.rb:13:in `call'
actionpack (5.2.3) lib/action_dispatch/middleware/remote_ip.rb:81:in `call'
actionpack (5.2.3) lib/action_dispatch/middleware/request_id.rb:27:in `call'
rack (2.0.7) lib/rack/method_override.rb:22:in `call'
rack (2.0.7) lib/rack/runtime.rb:22:in `call'
activesupport (5.2.3) lib/active_support/cache/strategy/local_cache_middleware.rb:29:in `call'
actionpack (5.2.3) lib/action_dispatch/middleware/executor.rb:14:in `call'
actionpack (5.2.3) lib/action_dispatch/middleware/static.rb:127:in `call'
rack (2.0.7) lib/rack/sendfile.rb:111:in `call'
railties (5.2.3) lib/rails/engine.rb:524:in `call'
puma (3.12.1) lib/puma/configuration.rb:227:in `call'
puma (3.12.1) lib/puma/server.rb:660:in `handle_request'
puma (3.12.1) lib/puma/server.rb:474:in `process_client'
puma (3.12.1) lib/puma/server.rb:334:in `block in run'
puma (3.12.1) lib/puma/thread_pool.rb:135:in `block in spawn_thread'
  [1m[35m (1.4ms)[0m  [1m[34mSELECT "schema_migrations"."version" FROM "schema_migrations" ORDER BY "schema_migrations"."version" ASC[0m
  ↳ bin/rails:9
Migrating to CreatePosts (20190731154540)
  [1m[35m (0.1ms)[0m  [1m[36mbegin transaction[0m
  ↳ bin/rails:9
  [1m[35m (0.1ms)[0m  [1m[34mSELECT sqlite_version(*)[0m
  ↳ db/migrate/20190731154540_create_posts.rb:3
  [1m[35m (30.6ms)[0m  [1m[35mCREATE TABLE "posts" ("id" integer PRIMARY KEY AUTOINCREMENT NOT NULL, "created_at" datetime NOT NULL, "updated_at" datetime NOT NULL)[0m
  ↳ db/migrate/20190731154540_create_posts.rb:3
  [1m[36mActiveRecord::SchemaMigration Create (0.6ms)[0m  [1m[32mINSERT INTO "schema_migrations" ("version") VALUES (?)[0m  [["version", "20190731154540"]]
  ↳ bin/rails:9
  [1m[35m (50.5ms)[0m  [1m[36mcommit transaction[0m
  ↳ bin/rails:9
  [1m[36mActiveRecord::InternalMetadata Load (4.9ms)[0m  [1m[34mSELECT  "ar_internal_metadata".* FROM "ar_internal_metadata" WHERE "ar_internal_metadata"."key" = ? LIMIT ?[0m  [["key", "environment"], ["LIMIT", 1]]
  ↳ bin/rails:9
  [1m[35m (0.1ms)[0m  [1m[36mbegin transaction[0m
  ↳ bin/rails:9
  [1m[35m (0.2ms)[0m  [1m[36mcommit transaction[0m
  ↳ bin/rails:9
  [1m[35m (0.5ms)[0m  [1m[34mSELECT "schema_migrations"."version" FROM "schema_migrations" ORDER BY "schema_migrations"."version" ASC[0m
  ↳ bin/rails:9
Started GET "/login" for 127.0.0.1 at 2019-07-31 18:53:18 +0300
  [1m[35m (0.1ms)[0m  [1m[34mSELECT "schema_migrations"."version" FROM "schema_migrations" ORDER BY "schema_migrations"."version" ASC[0m
  ↳ /home/danie/.rbenv/versions/2.6.1/lib/ruby/gems/2.6.0/gems/activerecord-5.2.3/lib/active_record/log_subscriber.rb:98
Processing by SessionsController#new as HTML
  Rendering sessions/new.html.erb within layouts/application
  Rendered sessions/new.html.erb within layouts/application (3.4ms)
Completed 200 OK in 282ms (Views: 260.3ms | ActiveRecord: 0.0ms)


Started POST "/login" for 127.0.0.1 at 2019-07-31 18:53:33 +0300
Processing by SessionsController#create as HTML
  Parameters: {"utf8"=>"✓", "authenticity_token"=>"2wf0tc4c4I5wSf3lwCRgMN+nm/H2t9bgk64T5C6WcdiLmKeLoOBR1EOLLdRdE1WbDHfK4c8+yjz+sCwi9f4Qug==", "session"=>{"email"=>"dani@dani.com", "password"=>"[FILTERED]"}, "commit"=>"Log in"}
  [1m[36mUser Load (0.4ms)[0m  [1m[34mSELECT  "users".* FROM "users" WHERE "users"."email" = ? LIMIT ?[0m  [["email", "dani@dani.com"], ["LIMIT", 1]]
  ↳ app/controllers/sessions_controller.rb:7
  [1m[35m (0.1ms)[0m  [1m[36mbegin transaction[0m
  ↳ app/models/user.rb:13
  [1m[36mUser Update (0.5ms)[0m  [1m[33mUPDATE "users" SET "remember_digest" = ?, "updated_at" = ? WHERE "users"."id" = ?[0m  [["remember_digest", "c530fe2ad8f83393ecc5bd9de6722ae6b50d0644"], ["updated_at", "2019-07-31 15:53:33.829809"], ["id", 1]]
  ↳ app/models/user.rb:13
  [1m[35m (2.9ms)[0m  [1m[36mcommit transaction[0m
  ↳ app/models/user.rb:13
Completed 500 Internal Server Error in 1203ms (ActiveRecord: 6.6ms)


  
NameError (undefined local variable or method `posts_path' for #<SessionsController:0x00007f62d81eee38>
Did you mean?  post_path):
  
app/controllers/sessions_controller.rb:11:in `create'
Started GET "/login" for 127.0.0.1 at 2019-07-31 18:54:19 +0300
Processing by SessionsController#new as HTML
  Rendering sessions/new.html.erb within layouts/application
  Rendered sessions/new.html.erb within layouts/application (5.0ms)
Completed 200 OK in 105ms (Views: 98.8ms | ActiveRecord: 0.0ms)


Started POST "/login" for 127.0.0.1 at 2019-07-31 18:54:26 +0300
Processing by SessionsController#create as HTML
  Parameters: {"utf8"=>"✓", "authenticity_token"=>"mmqeSnTppEGBZcrdsTc0ztqRxtga2c5g3Gi8XFqfWdnK9c10GhUVG7KnGuwsAAFlCUGXyCNQ0ryxdoOagfc4uw==", "session"=>{"email"=>"dani@dani.com", "password"=>"[FILTERED]"}, "commit"=>"Log in"}
  [1m[36mUser Load (1.2ms)[0m  [1m[34mSELECT  "users".* FROM "users" WHERE "users"."email" = ? LIMIT ?[0m  [["email", "dani@dani.com"], ["LIMIT", 1]]
  ↳ app/controllers/sessions_controller.rb:7
  [1m[35m (0.1ms)[0m  [1m[36mbegin transaction[0m
  ↳ app/models/user.rb:13
  [1m[36mUser Update (0.3ms)[0m  [1m[33mUPDATE "users" SET "remember_digest" = ?, "updated_at" = ? WHERE "users"."id" = ?[0m  [["remember_digest", "91e09c3e943e342b768686eaf8454c2a60e24848"], ["updated_at", "2019-07-31 15:54:27.183493"], ["id", 1]]
  ↳ app/models/user.rb:13
  [1m[35m (2.9ms)[0m  [1m[36mcommit transaction[0m
  ↳ app/models/user.rb:13
Redirected to http://localhost:3000/post
Completed 302 Found in 601ms (ActiveRecord: 41.7ms)


Started GET "/post" for 127.0.0.1 at 2019-07-31 18:54:27 +0300
  
ActionController::RoutingError (No route matches [GET] "/post"):
  
actionpack (5.2.3) lib/action_dispatch/middleware/debug_exceptions.rb:65:in `call'
web-console (3.7.0) lib/web_console/middleware.rb:135:in `call_app'
web-console (3.7.0) lib/web_console/middleware.rb:30:in `block in call'
web-console (3.7.0) lib/web_console/middleware.rb:20:in `catch'
web-console (3.7.0) lib/web_console/middleware.rb:20:in `call'
actionpack (5.2.3) lib/action_dispatch/middleware/show_exceptions.rb:33:in `call'
railties (5.2.3) lib/rails/rack/logger.rb:38:in `call_app'
railties (5.2.3) lib/rails/rack/logger.rb:26:in `block in call'
activesupport (5.2.3) lib/active_support/tagged_logging.rb:71:in `block in tagged'
activesupport (5.2.3) lib/active_support/tagged_logging.rb:28:in `tagged'
activesupport (5.2.3) lib/active_support/tagged_logging.rb:71:in `tagged'
railties (5.2.3) lib/rails/rack/logger.rb:26:in `call'
sprockets-rails (3.2.1) lib/sprockets/rails/quiet_assets.rb:13:in `call'
actionpack (5.2.3) lib/action_dispatch/middleware/remote_ip.rb:81:in `call'
actionpack (5.2.3) lib/action_dispatch/middleware/request_id.rb:27:in `call'
rack (2.0.7) lib/rack/method_override.rb:22:in `call'
rack (2.0.7) lib/rack/runtime.rb:22:in `call'
activesupport (5.2.3) lib/active_support/cache/strategy/local_cache_middleware.rb:29:in `call'
actionpack (5.2.3) lib/action_dispatch/middleware/executor.rb:14:in `call'
actionpack (5.2.3) lib/action_dispatch/middleware/static.rb:127:in `call'
rack (2.0.7) lib/rack/sendfile.rb:111:in `call'
railties (5.2.3) lib/rails/engine.rb:524:in `call'
puma (3.12.1) lib/puma/configuration.rb:227:in `call'
puma (3.12.1) lib/puma/server.rb:660:in `handle_request'
puma (3.12.1) lib/puma/server.rb:474:in `process_client'
puma (3.12.1) lib/puma/server.rb:334:in `block in run'
puma (3.12.1) lib/puma/thread_pool.rb:135:in `block in spawn_thread'
Started GET "/post/index" for 127.0.0.1 at 2019-07-31 18:57:13 +0300
  
ActionController::RoutingError (No route matches [GET] "/post/index"):
  
actionpack (5.2.3) lib/action_dispatch/middleware/debug_exceptions.rb:65:in `call'
web-console (3.7.0) lib/web_console/middleware.rb:135:in `call_app'
web-console (3.7.0) lib/web_console/middleware.rb:30:in `block in call'
web-console (3.7.0) lib/web_console/middleware.rb:20:in `catch'
web-console (3.7.0) lib/web_console/middleware.rb:20:in `call'
actionpack (5.2.3) lib/action_dispatch/middleware/show_exceptions.rb:33:in `call'
railties (5.2.3) lib/rails/rack/logger.rb:38:in `call_app'
railties (5.2.3) lib/rails/rack/logger.rb:26:in `block in call'
activesupport (5.2.3) lib/active_support/tagged_logging.rb:71:in `block in tagged'
activesupport (5.2.3) lib/active_support/tagged_logging.rb:28:in `tagged'
activesupport (5.2.3) lib/active_support/tagged_logging.rb:71:in `tagged'
railties (5.2.3) lib/rails/rack/logger.rb:26:in `call'
sprockets-rails (3.2.1) lib/sprockets/rails/quiet_assets.rb:13:in `call'
actionpack (5.2.3) lib/action_dispatch/middleware/remote_ip.rb:81:in `call'
actionpack (5.2.3) lib/action_dispatch/middleware/request_id.rb:27:in `call'
rack (2.0.7) lib/rack/method_override.rb:22:in `call'
rack (2.0.7) lib/rack/runtime.rb:22:in `call'
activesupport (5.2.3) lib/active_support/cache/strategy/local_cache_middleware.rb:29:in `call'
actionpack (5.2.3) lib/action_dispatch/middleware/executor.rb:14:in `call'
actionpack (5.2.3) lib/action_dispatch/middleware/static.rb:127:in `call'
rack (2.0.7) lib/rack/sendfile.rb:111:in `call'
railties (5.2.3) lib/rails/engine.rb:524:in `call'
puma (3.12.1) lib/puma/configuration.rb:227:in `call'
puma (3.12.1) lib/puma/server.rb:660:in `handle_request'
puma (3.12.1) lib/puma/server.rb:474:in `process_client'
puma (3.12.1) lib/puma/server.rb:334:in `block in run'
puma (3.12.1) lib/puma/thread_pool.rb:135:in `block in spawn_thread'
Started GET "/post" for 127.0.0.1 at 2019-07-31 18:58:01 +0300
  
AbstractController::ActionNotFound (The action 'index' could not be found for PostsController):
  
actionpack (5.2.3) lib/abstract_controller/base.rb:129:in `process'
actionview (5.2.3) lib/action_view/rendering.rb:32:in `process'
actionpack (5.2.3) lib/action_controller/metal.rb:191:in `dispatch'
actionpack (5.2.3) lib/action_controller/metal.rb:252:in `dispatch'
actionpack (5.2.3) lib/action_dispatch/routing/route_set.rb:52:in `dispatch'
actionpack (5.2.3) lib/action_dispatch/routing/route_set.rb:34:in `serve'
actionpack (5.2.3) lib/action_dispatch/journey/router.rb:52:in `block in serve'
actionpack (5.2.3) lib/action_dispatch/journey/router.rb:35:in `each'
actionpack (5.2.3) lib/action_dispatch/journey/router.rb:35:in `serve'
actionpack (5.2.3) lib/action_dispatch/routing/route_set.rb:840:in `call'
rack (2.0.7) lib/rack/tempfile_reaper.rb:15:in `call'
rack (2.0.7) lib/rack/etag.rb:25:in `call'
rack (2.0.7) lib/rack/conditional_get.rb:25:in `call'
rack (2.0.7) lib/rack/head.rb:12:in `call'
actionpack (5.2.3) lib/action_dispatch/http/content_security_policy.rb:18:in `call'
rack (2.0.7) lib/rack/session/abstract/id.rb:232:in `context'
rack (2.0.7) lib/rack/session/abstract/id.rb:226:in `call'
actionpack (5.2.3) lib/action_dispatch/middleware/cookies.rb:670:in `call'
activerecord (5.2.3) lib/active_record/migration.rb:559:in `call'
actionpack (5.2.3) lib/action_dispatch/middleware/callbacks.rb:28:in `block in call'
activesupport (5.2.3) lib/active_support/callbacks.rb:98:in `run_callbacks'
actionpack (5.2.3) lib/action_dispatch/middleware/callbacks.rb:26:in `call'
actionpack (5.2.3) lib/action_dispatch/middleware/executor.rb:14:in `call'
actionpack (5.2.3) lib/action_dispatch/middleware/debug_exceptions.rb:61:in `call'
web-console (3.7.0) lib/web_console/middleware.rb:135:in `call_app'
web-console (3.7.0) lib/web_console/middleware.rb:30:in `block in call'
web-console (3.7.0) lib/web_console/middleware.rb:20:in `catch'
web-console (3.7.0) lib/web_console/middleware.rb:20:in `call'
actionpack (5.2.3) lib/action_dispatch/middleware/show_exceptions.rb:33:in `call'
railties (5.2.3) lib/rails/rack/logger.rb:38:in `call_app'
railties (5.2.3) lib/rails/rack/logger.rb:26:in `block in call'
activesupport (5.2.3) lib/active_support/tagged_logging.rb:71:in `block in tagged'
activesupport (5.2.3) lib/active_support/tagged_logging.rb:28:in `tagged'
activesupport (5.2.3) lib/active_support/tagged_logging.rb:71:in `tagged'
railties (5.2.3) lib/rails/rack/logger.rb:26:in `call'
sprockets-rails (3.2.1) lib/sprockets/rails/quiet_assets.rb:13:in `call'
actionpack (5.2.3) lib/action_dispatch/middleware/remote_ip.rb:81:in `call'
actionpack (5.2.3) lib/action_dispatch/middleware/request_id.rb:27:in `call'
rack (2.0.7) lib/rack/method_override.rb:22:in `call'
rack (2.0.7) lib/rack/runtime.rb:22:in `call'
activesupport (5.2.3) lib/active_support/cache/strategy/local_cache_middleware.rb:29:in `call'
actionpack (5.2.3) lib/action_dispatch/middleware/executor.rb:14:in `call'
actionpack (5.2.3) lib/action_dispatch/middleware/static.rb:127:in `call'
rack (2.0.7) lib/rack/sendfile.rb:111:in `call'
railties (5.2.3) lib/rails/engine.rb:524:in `call'
puma (3.12.1) lib/puma/configuration.rb:227:in `call'
puma (3.12.1) lib/puma/server.rb:660:in `handle_request'
puma (3.12.1) lib/puma/server.rb:474:in `process_client'
puma (3.12.1) lib/puma/server.rb:334:in `block in run'
puma (3.12.1) lib/puma/thread_pool.rb:135:in `block in spawn_thread'
Started GET "/post" for 127.0.0.1 at 2019-07-31 18:58:50 +0300
Processing by PostsController#index as HTML
Completed 406 Not Acceptable in 24ms (ActiveRecord: 0.0ms)


  
ActionController::UnknownFormat (PostsController#index is missing a template for this request format and variant.

request.formats: ["text/html"]
request.variant: []

NOTE! For XHR/Ajax or API requests, this action would normally respond with 204 No Content: an empty white screen. Since you're loading it in a web browser, we assume that you expected to actually render a template, not nothing, so we're showing an error to be extra-clear. If you expect 204 No Content, carry on. That's what you'll get from an XHR or API request. Give it a shot.):
  
actionpack (5.2.3) lib/action_controller/metal/implicit_render.rb:55:in `default_render'
actionpack (5.2.3) lib/action_controller/metal/basic_implicit_render.rb:6:in `block in send_action'
actionpack (5.2.3) lib/action_controller/metal/basic_implicit_render.rb:6:in `tap'
actionpack (5.2.3) lib/action_controller/metal/basic_implicit_render.rb:6:in `send_action'
actionpack (5.2.3) lib/abstract_controller/base.rb:194:in `process_action'
actionpack (5.2.3) lib/action_controller/metal/rendering.rb:30:in `process_action'
actionpack (5.2.3) lib/abstract_controller/callbacks.rb:42:in `block in process_action'
activesupport (5.2.3) lib/active_support/callbacks.rb:132:in `run_callbacks'
actionpack (5.2.3) lib/abstract_controller/callbacks.rb:41:in `process_action'
actionpack (5.2.3) lib/action_controller/metal/rescue.rb:22:in `process_action'
actionpack (5.2.3) lib/action_controller/metal/instrumentation.rb:34:in `block in process_action'
activesupport (5.2.3) lib/active_support/notifications.rb:168:in `block in instrument'
activesupport (5.2.3) lib/active_support/notifications/instrumenter.rb:23:in `instrument'
activesupport (5.2.3) lib/active_support/notifications.rb:168:in `instrument'
actionpack (5.2.3) lib/action_controller/metal/instrumentation.rb:32:in `process_action'
actionpack (5.2.3) lib/action_controller/metal/params_wrapper.rb:256:in `process_action'
activerecord (5.2.3) lib/active_record/railties/controller_runtime.rb:24:in `process_action'
actionpack (5.2.3) lib/abstract_controller/base.rb:134:in `process'
actionview (5.2.3) lib/action_view/rendering.rb:32:in `process'
actionpack (5.2.3) lib/action_controller/metal.rb:191:in `dispatch'
actionpack (5.2.3) lib/action_controller/metal.rb:252:in `dispatch'
actionpack (5.2.3) lib/action_dispatch/routing/route_set.rb:52:in `dispatch'
actionpack (5.2.3) lib/action_dispatch/routing/route_set.rb:34:in `serve'
actionpack (5.2.3) lib/action_dispatch/journey/router.rb:52:in `block in serve'
actionpack (5.2.3) lib/action_dispatch/journey/router.rb:35:in `each'
actionpack (5.2.3) lib/action_dispatch/journey/router.rb:35:in `serve'
actionpack (5.2.3) lib/action_dispatch/routing/route_set.rb:840:in `call'
rack (2.0.7) lib/rack/tempfile_reaper.rb:15:in `call'
rack (2.0.7) lib/rack/etag.rb:25:in `call'
rack (2.0.7) lib/rack/conditional_get.rb:25:in `call'
rack (2.0.7) lib/rack/head.rb:12:in `call'
actionpack (5.2.3) lib/action_dispatch/http/content_security_policy.rb:18:in `call'
rack (2.0.7) lib/rack/session/abstract/id.rb:232:in `context'
rack (2.0.7) lib/rack/session/abstract/id.rb:226:in `call'
actionpack (5.2.3) lib/action_dispatch/middleware/cookies.rb:670:in `call'
activerecord (5.2.3) lib/active_record/migration.rb:559:in `call'
actionpack (5.2.3) lib/action_dispatch/middleware/callbacks.rb:28:in `block in call'
activesupport (5.2.3) lib/active_support/callbacks.rb:98:in `run_callbacks'
actionpack (5.2.3) lib/action_dispatch/middleware/callbacks.rb:26:in `call'
actionpack (5.2.3) lib/action_dispatch/middleware/executor.rb:14:in `call'
actionpack (5.2.3) lib/action_dispatch/middleware/debug_exceptions.rb:61:in `call'
web-console (3.7.0) lib/web_console/middleware.rb:135:in `call_app'
web-console (3.7.0) lib/web_console/middleware.rb:30:in `block in call'
web-console (3.7.0) lib/web_console/middleware.rb:20:in `catch'
web-console (3.7.0) lib/web_console/middleware.rb:20:in `call'
actionpack (5.2.3) lib/action_dispatch/middleware/show_exceptions.rb:33:in `call'
railties (5.2.3) lib/rails/rack/logger.rb:38:in `call_app'
railties (5.2.3) lib/rails/rack/logger.rb:26:in `block in call'
activesupport (5.2.3) lib/active_support/tagged_logging.rb:71:in `block in tagged'
activesupport (5.2.3) lib/active_support/tagged_logging.rb:28:in `tagged'
activesupport (5.2.3) lib/active_support/tagged_logging.rb:71:in `tagged'
railties (5.2.3) lib/rails/rack/logger.rb:26:in `call'
sprockets-rails (3.2.1) lib/sprockets/rails/quiet_assets.rb:13:in `call'
actionpack (5.2.3) lib/action_dispatch/middleware/remote_ip.rb:81:in `call'
actionpack (5.2.3) lib/action_dispatch/middleware/request_id.rb:27:in `call'
rack (2.0.7) lib/rack/method_override.rb:22:in `call'
rack (2.0.7) lib/rack/runtime.rb:22:in `call'
activesupport (5.2.3) lib/active_support/cache/strategy/local_cache_middleware.rb:29:in `call'
actionpack (5.2.3) lib/action_dispatch/middleware/executor.rb:14:in `call'
actionpack (5.2.3) lib/action_dispatch/middleware/static.rb:127:in `call'
rack (2.0.7) lib/rack/sendfile.rb:111:in `call'
railties (5.2.3) lib/rails/engine.rb:524:in `call'
puma (3.12.1) lib/puma/configuration.rb:227:in `call'
puma (3.12.1) lib/puma/server.rb:660:in `handle_request'
puma (3.12.1) lib/puma/server.rb:474:in `process_client'
puma (3.12.1) lib/puma/server.rb:334:in `block in run'
puma (3.12.1) lib/puma/thread_pool.rb:135:in `block in spawn_thread'
Started GET "/post" for 127.0.0.1 at 2019-07-31 18:59:55 +0300
Processing by PostsController#index as HTML
  Rendering posts/index.html.erb within layouts/application
  Rendered posts/index.html.erb within layouts/application (0.5ms)
Completed 200 OK in 47ms (Views: 46.0ms | ActiveRecord: 0.0ms)


Started GET "/post" for 127.0.0.1 at 2019-07-31 19:00:59 +0300
Processing by PostsController#index as HTML
  Rendering posts/index.html.erb within layouts/application
  Rendered posts/index.html.erb within layouts/application (0.4ms)
Completed 200 OK in 55ms (Views: 53.4ms | ActiveRecord: 0.0ms)


Started GET "/login" for 127.0.0.1 at 2019-07-31 19:01:04 +0300
Processing by SessionsController#new as HTML
  Rendering sessions/new.html.erb within layouts/application
  Rendered sessions/new.html.erb within layouts/application (16.9ms)
Completed 200 OK in 155ms (Views: 152.2ms | ActiveRecord: 0.0ms)


Started POST "/login" for 127.0.0.1 at 2019-07-31 19:01:07 +0300
Processing by SessionsController#create as HTML
  Parameters: {"utf8"=>"✓", "authenticity_token"=>"2oB5wCcNApgWv6DNuKjhvz1d1RFlxKvRRLRpL1tdEZ6KHyr+SfGzwiV9cPwln9QU7o2EAVxNtw0pqlbpgDVw/A==", "session"=>{"email"=>"dani@dani.com", "password"=>"[FILTERED]"}, "commit"=>"Log in"}
  [1m[36mUser Load (0.2ms)[0m  [1m[34mSELECT  "users".* FROM "users" WHERE "users"."email" = ? LIMIT ?[0m  [["email", "dani@dani.com"], ["LIMIT", 1]]
  ↳ app/controllers/sessions_controller.rb:7
  [1m[35m (0.1ms)[0m  [1m[36mbegin transaction[0m
  ↳ app/models/user.rb:13
  [1m[36mUser Update (0.8ms)[0m  [1m[33mUPDATE "users" SET "remember_digest" = ?, "updated_at" = ? WHERE "users"."id" = ?[0m  [["remember_digest", "94719fd5159a484888b7d0f104ad14f64140bdda"], ["updated_at", "2019-07-31 16:01:07.827463"], ["id", 1]]
  ↳ app/models/user.rb:13
  [1m[35m (3.7ms)[0m  [1m[36mcommit transaction[0m
  ↳ app/models/user.rb:13
Redirected to http://localhost:3000/post
Completed 302 Found in 499ms (ActiveRecord: 5.8ms)


Started GET "/post" for 127.0.0.1 at 2019-07-31 19:01:07 +0300
Processing by PostsController#index as HTML
  Rendering posts/index.html.erb within layouts/application
  Rendered posts/index.html.erb within layouts/application (0.7ms)
Completed 200 OK in 120ms (Views: 118.2ms | ActiveRecord: 0.0ms)


Started GET "/login" for 127.0.0.1 at 2019-07-31 19:01:35 +0300
Processing by SessionsController#new as HTML
  Rendering sessions/new.html.erb within layouts/application
  Rendered sessions/new.html.erb within layouts/application (7.3ms)
Completed 200 OK in 95ms (Views: 93.7ms | ActiveRecord: 0.0ms)


Started POST "/login" for 127.0.0.1 at 2019-07-31 19:01:37 +0300
Processing by SessionsController#create as HTML
  Parameters: {"utf8"=>"✓", "authenticity_token"=>"EBO1xbBzWaDLebkRPsNO1s5wheU7AGdPYd3NvM1wH2ZAjOb73o/o+vi7aSCj9Ht9HaDU9QKJe5MMw/J6Fhh+BA==", "session"=>{"email"=>"dani@dani.com", "password"=>"[FILTERED]"}, "commit"=>"Log in"}
  [1m[36mUser Load (0.3ms)[0m  [1m[34mSELECT  "users".* FROM "users" WHERE "users"."email" = ? LIMIT ?[0m  [["email", "dani@dani.com"], ["LIMIT", 1]]
  ↳ app/controllers/sessions_controller.rb:7
  [1m[35m (0.1ms)[0m  [1m[36mbegin transaction[0m
  ↳ app/models/user.rb:13
  [1m[36mUser Update (1.0ms)[0m  [1m[33mUPDATE "users" SET "remember_digest" = ?, "updated_at" = ? WHERE "users"."id" = ?[0m  [["remember_digest", "c5f48286ee5928728c09abe81c4c6239745c2b77"], ["updated_at", "2019-07-31 16:01:38.103713"], ["id", 1]]
  ↳ app/models/user.rb:13
  [1m[35m (1.8ms)[0m  [1m[36mcommit transaction[0m
  ↳ app/models/user.rb:13
Redirected to http://localhost:3000/post
Completed 302 Found in 510ms (ActiveRecord: 3.3ms)


Started GET "/post" for 127.0.0.1 at 2019-07-31 19:01:38 +0300
Processing by PostsController#index as HTML
  Rendering posts/index.html.erb within layouts/application
  Rendered posts/index.html.erb within layouts/application (0.8ms)
Completed 200 OK in 58ms (Views: 55.2ms | ActiveRecord: 0.0ms)


Started GET "/post" for 127.0.0.1 at 2019-07-31 19:15:36 +0300
Processing by PostsController#index as HTML
  Rendering posts/index.html.erb within layouts/application
  Rendered posts/index.html.erb within layouts/application (0.6ms)
Completed 500 Internal Server Error in 3195ms (ActiveRecord: 0.0ms)


  
ActionView::Template::Error (undefined local variable or method `header' for #<#<Class:0x00007f62e2bdd908>:0x00007f62d5cfe600>
Did you mean?  headers):
    10:   </head>
    11: 
    12:   <body>
    13:     <%= render header %>
    14:     <%= yield %>
    15:   </body>
    16: </html>
  
app/views/layouts/application.html.erb:13:in `_app_views_layouts_application_html_erb___3101433755657030676_70031235355980'
Started GET "/post" for 127.0.0.1 at 2019-07-31 19:16:50 +0300
Processing by PostsController#index as HTML
  Rendering posts/index.html.erb within layouts/application
  Rendered posts/index.html.erb within layouts/application (0.6ms)
Completed 500 Internal Server Error in 89ms (ActiveRecord: 0.0ms)


  
ActionView::Template::Error (Missing partial posts/_header, application/_header with {:locale=>[:en], :formats=>[:html], :variants=>[], :handlers=>[:raw, :erb, :html, :builder, :ruby, :coffee, :jbuilder]}. Searched in:
  * "/home/danie/Documents/MV/Authentication/app/views"
):
    10:   </head>
    11: 
    12:   <body>
    13:     <%= render 'header' %>
    14:     <%= yield %>
    15:   </body>
    16: </html>
  
app/views/layouts/application.html.erb:13:in `_app_views_layouts_application_html_erb___3101433755657030676_70031288022540'
Started GET "/post" for 127.0.0.1 at 2019-07-31 19:18:19 +0300
Processing by PostsController#index as HTML
  Rendering posts/index.html.erb within layouts/application
  Rendered posts/index.html.erb within layouts/application (1.9ms)
  [1m[36mUser Load (1.8ms)[0m  [1m[34mSELECT  "users".* FROM "users" WHERE "users"."id" = ? LIMIT ?[0m  [["id", 1], ["LIMIT", 1]]
  ↳ app/helpers/sessions_helper.rb:16
  Rendered layouts/_header.html.erb (6.1ms)
Completed 200 OK in 73ms (Views: 67.4ms | ActiveRecord: 1.8ms)


Started DELETE "/logout" for 127.0.0.1 at 2019-07-31 19:18:30 +0300
Processing by SessionsController#destroy as HTML
  Parameters: {"authenticity_token"=>"zV24zyqTAG2ewvFLFxEZ0nZsPzlZGr4GiFjIxcyDJ26dwuvxRG+xN60AIXqKJix5pbxuKWCTotrlRvcDF+tGDA=="}
  [1m[36mUser Load (0.1ms)[0m  [1m[34mSELECT  "users".* FROM "users" WHERE "users"."id" = ? LIMIT ?[0m  [["id", 1], ["LIMIT", 1]]
  ↳ app/helpers/sessions_helper.rb:16
Completed 500 Internal Server Error in 402ms (ActiveRecord: 0.1ms)


  
NameError (undefined local variable or method `posts_path' for #<SessionsController:0x00007f62e2b758a8>
Did you mean?  post_path):
  
app/controllers/sessions_controller.rb:20:in `destroy'
Started GET "/logout" for 127.0.0.1 at 2019-07-31 19:19:06 +0300
  
ActionController::RoutingError (No route matches [GET] "/logout"):
  
actionpack (5.2.3) lib/action_dispatch/middleware/debug_exceptions.rb:65:in `call'
web-console (3.7.0) lib/web_console/middleware.rb:135:in `call_app'
web-console (3.7.0) lib/web_console/middleware.rb:30:in `block in call'
web-console (3.7.0) lib/web_console/middleware.rb:20:in `catch'
web-console (3.7.0) lib/web_console/middleware.rb:20:in `call'
actionpack (5.2.3) lib/action_dispatch/middleware/show_exceptions.rb:33:in `call'
railties (5.2.3) lib/rails/rack/logger.rb:38:in `call_app'
railties (5.2.3) lib/rails/rack/logger.rb:26:in `block in call'
activesupport (5.2.3) lib/active_support/tagged_logging.rb:71:in `block in tagged'
activesupport (5.2.3) lib/active_support/tagged_logging.rb:28:in `tagged'
activesupport (5.2.3) lib/active_support/tagged_logging.rb:71:in `tagged'
railties (5.2.3) lib/rails/rack/logger.rb:26:in `call'
sprockets-rails (3.2.1) lib/sprockets/rails/quiet_assets.rb:13:in `call'
actionpack (5.2.3) lib/action_dispatch/middleware/remote_ip.rb:81:in `call'
actionpack (5.2.3) lib/action_dispatch/middleware/request_id.rb:27:in `call'
rack (2.0.7) lib/rack/method_override.rb:22:in `call'
rack (2.0.7) lib/rack/runtime.rb:22:in `call'
activesupport (5.2.3) lib/active_support/cache/strategy/local_cache_middleware.rb:29:in `call'
actionpack (5.2.3) lib/action_dispatch/middleware/executor.rb:14:in `call'
actionpack (5.2.3) lib/action_dispatch/middleware/static.rb:127:in `call'
rack (2.0.7) lib/rack/sendfile.rb:111:in `call'
railties (5.2.3) lib/rails/engine.rb:524:in `call'
puma (3.12.1) lib/puma/configuration.rb:227:in `call'
puma (3.12.1) lib/puma/server.rb:660:in `handle_request'
puma (3.12.1) lib/puma/server.rb:474:in `process_client'
puma (3.12.1) lib/puma/server.rb:334:in `block in run'
puma (3.12.1) lib/puma/thread_pool.rb:135:in `block in spawn_thread'
Started GET "/login" for 127.0.0.1 at 2019-07-31 19:20:22 +0300
Processing by SessionsController#new as HTML
  Rendering sessions/new.html.erb within layouts/application
  Rendered sessions/new.html.erb within layouts/application (1.8ms)
  [1m[36mUser Load (0.4ms)[0m  [1m[34mSELECT  "users".* FROM "users" WHERE "users"."id" = ? LIMIT ?[0m  [["id", 1], ["LIMIT", 1]]
  ↳ app/helpers/sessions_helper.rb:16
  Rendered layouts/_header.html.erb (26.3ms)
Completed 200 OK in 72ms (Views: 68.5ms | ActiveRecord: 1.7ms)


Started POST "/login" for 127.0.0.1 at 2019-07-31 19:20:24 +0300
Processing by SessionsController#create as HTML
  Parameters: {"utf8"=>"✓", "authenticity_token"=>"4BfgEdYZpQCAvXONdTpBiRtIfhyMcrAoD0B+A35+oIWwiLMvuOUUWrN/o7zoDXQiyJgvDLX7rPRiXkHFpRbB5w==", "session"=>{"email"=>"dani@dani.com", "password"=>"[FILTERED]"}, "commit"=>"Log in"}
  [1m[36mUser Load (0.2ms)[0m  [1m[34mSELECT  "users".* FROM "users" WHERE "users"."email" = ? LIMIT ?[0m  [["email", "dani@dani.com"], ["LIMIT", 1]]
  ↳ app/controllers/sessions_controller.rb:7
  [1m[35m (0.1ms)[0m  [1m[36mbegin transaction[0m
  ↳ app/models/user.rb:13
  [1m[36mUser Update (0.4ms)[0m  [1m[33mUPDATE "users" SET "remember_digest" = ?, "updated_at" = ? WHERE "users"."id" = ?[0m  [["remember_digest", "b05500e45bc1e9b76e50ecef92c9e2ab2b149a15"], ["updated_at", "2019-07-31 16:20:24.745697"], ["id", 1]]
  ↳ app/models/user.rb:13
  [1m[35m (3.1ms)[0m  [1m[36mcommit transaction[0m
  ↳ app/models/user.rb:13
Redirected to http://localhost:3000/post
Completed 302 Found in 465ms (ActiveRecord: 3.9ms)


Started GET "/post" for 127.0.0.1 at 2019-07-31 19:20:24 +0300
Processing by PostsController#index as HTML
  Rendering posts/index.html.erb within layouts/application
  Rendered posts/index.html.erb within layouts/application (0.6ms)
  [1m[36mUser Load (0.2ms)[0m  [1m[34mSELECT  "users".* FROM "users" WHERE "users"."id" = ? LIMIT ?[0m  [["id", 1], ["LIMIT", 1]]
  ↳ app/helpers/sessions_helper.rb:16
  Rendered layouts/_header.html.erb (6.2ms)
Completed 200 OK in 63ms (Views: 60.9ms | ActiveRecord: 0.2ms)


Started DELETE "/logout" for 127.0.0.1 at 2019-07-31 19:20:27 +0300
Processing by SessionsController#destroy as HTML
  Parameters: {"authenticity_token"=>"jlnv31/M/4SPG4gZeiUB2tEvQz//rAVjvBq11yIm/VrexrzhMTBO3rzZWCjnEjRxAv8SL8YlGb/RBIoR+U6cOA=="}
  [1m[36mUser Load (0.1ms)[0m  [1m[34mSELECT  "users".* FROM "users" WHERE "users"."id" = ? LIMIT ?[0m  [["id", 1], ["LIMIT", 1]]
  ↳ app/helpers/sessions_helper.rb:16
Redirected to http://localhost:3000/post
Completed 302 Found in 2ms (ActiveRecord: 0.1ms)


Started GET "/post" for 127.0.0.1 at 2019-07-31 19:20:27 +0300
Processing by PostsController#index as HTML
  Rendering posts/index.html.erb within layouts/application
  Rendered posts/index.html.erb within layouts/application (1.4ms)
  [1m[36mUser Load (0.6ms)[0m  [1m[34mSELECT  "users".* FROM "users" WHERE "users"."id" = ? LIMIT ?[0m  [["id", 1], ["LIMIT", 1]]
  ↳ app/helpers/sessions_helper.rb:18
  Rendered layouts/_header.html.erb (9.5ms)
Completed 500 Internal Server Error in 60ms (ActiveRecord: 0.6ms)


  
ActionView::Template::Error (invalid hash):
    4:     <nav>
    5:       <ul class="nav navbar-nav navbar-right">
    6:         
    7:         <% if logged_in? %>
    8:             <ul>
    9:               <li>
   10:                 <%= link_to "Log out", logout_path, method: :delete %>
  
app/models/user.rb:22:in `new'
app/models/user.rb:22:in `authenticated?'
app/helpers/sessions_helper.rb:19:in `current_user'
app/helpers/sessions_helper.rb:33:in `logged_in?'
app/views/layouts/_header.html.erb:7:in `_app_views_layouts__header_html_erb___2013069647440036129_70031289100560'
app/views/layouts/application.html.erb:13:in `_app_views_layouts_application_html_erb___3101433755657030676_70031254534360'
Started GET "/login" for 127.0.0.1 at 2019-07-31 19:22:02 +0300
Processing by SessionsController#new as HTML
  Rendering sessions/new.html.erb within layouts/application
  Rendered sessions/new.html.erb within layouts/application (3.6ms)
  [1m[36mUser Load (0.6ms)[0m  [1m[34mSELECT  "users".* FROM "users" WHERE "users"."id" = ? LIMIT ?[0m  [["id", 1], ["LIMIT", 1]]
  ↳ app/helpers/sessions_helper.rb:18
  Rendered layouts/_header.html.erb (33.1ms)
Completed 500 Internal Server Error in 86ms (ActiveRecord: 2.3ms)


  
ActionView::Template::Error (invalid hash):
    4:     <nav>
    5:       <ul class="nav navbar-nav navbar-right">
    6:         
    7:         <% if logged_in? %>
    8:             <ul>
    9:               <li>
   10:                 <%= link_to "Log out", logout_path, method: :delete %>
  
app/models/user.rb:22:in `new'
app/models/user.rb:22:in `authenticated?'
app/helpers/sessions_helper.rb:19:in `current_user'
app/helpers/sessions_helper.rb:33:in `logged_in?'
app/views/layouts/_header.html.erb:7:in `_app_views_layouts__header_html_erb___2013069647440036129_70031344170300'
app/views/layouts/application.html.erb:13:in `_app_views_layouts_application_html_erb___3101433755657030676_70031326902860'
Started GET "/login" for 127.0.0.1 at 2019-07-31 19:22:07 +0300
Processing by SessionsController#new as HTML
  Rendering sessions/new.html.erb within layouts/application
  Rendered sessions/new.html.erb within layouts/application (2.8ms)
  [1m[36mUser Load (0.2ms)[0m  [1m[34mSELECT  "users".* FROM "users" WHERE "users"."id" = ? LIMIT ?[0m  [["id", 1], ["LIMIT", 1]]
  ↳ app/helpers/sessions_helper.rb:18
  Rendered layouts/_header.html.erb (17.2ms)
Completed 500 Internal Server Error in 104ms (ActiveRecord: 0.2ms)


  
ActionView::Template::Error (invalid hash):
    4:     <nav>
    5:       <ul class="nav navbar-nav navbar-right">
    6:         
    7:         <% if logged_in? %>
    8:             <ul>
    9:               <li>
   10:                 <%= link_to "Log out", logout_path, method: :delete %>
  
app/models/user.rb:22:in `new'
app/models/user.rb:22:in `authenticated?'
app/helpers/sessions_helper.rb:19:in `current_user'
app/helpers/sessions_helper.rb:33:in `logged_in?'
app/views/layouts/_header.html.erb:7:in `_app_views_layouts__header_html_erb___2013069647440036129_70031153922320'
app/views/layouts/application.html.erb:13:in `_app_views_layouts_application_html_erb___3101433755657030676_70031253800200'
Started GET "/login" for 127.0.0.1 at 2019-07-31 19:23:46 +0300
Processing by SessionsController#new as HTML
  Rendering sessions/new.html.erb within layouts/application
  Rendered sessions/new.html.erb within layouts/application (11.2ms)
  Rendered layouts/_header.html.erb (4.9ms)
Completed 200 OK in 84ms (Views: 83.0ms | ActiveRecord: 0.0ms)


Started POST "/login" for 127.0.0.1 at 2019-07-31 19:24:02 +0300
Processing by SessionsController#create as HTML
  Parameters: {"utf8"=>"✓", "authenticity_token"=>"4WswcU5+RX+Q7oV5+3/Swq8HBIfW3eRyvzTOaL94TQsmkcP8CSyIOVGP9zERDVM71x72gMu2y073GRkXq9gPmw==", "session"=>{"email"=>"dani@dani.com", "password"=>"[FILTERED]"}, "commit"=>"Log in"}
  [1m[36mUser Load (0.3ms)[0m  [1m[34mSELECT  "users".* FROM "users" WHERE "users"."email" = ? LIMIT ?[0m  [["email", "dani@dani.com"], ["LIMIT", 1]]
  ↳ app/controllers/sessions_controller.rb:7
  [1m[35m (0.1ms)[0m  [1m[36mbegin transaction[0m
  ↳ app/models/user.rb:13
  [1m[36mUser Update (0.5ms)[0m  [1m[33mUPDATE "users" SET "remember_digest" = ?, "updated_at" = ? WHERE "users"."id" = ?[0m  [["remember_digest", "b9d0947fb117fa0b1352f787e27c81e1a35af908"], ["updated_at", "2019-07-31 16:24:02.962395"], ["id", 1]]
  ↳ app/models/user.rb:13
  [1m[35m (4.7ms)[0m  [1m[36mcommit transaction[0m
  ↳ app/models/user.rb:13
Redirected to http://localhost:3000/post
Completed 302 Found in 488ms (ActiveRecord: 5.6ms)


Started GET "/post" for 127.0.0.1 at 2019-07-31 19:24:03 +0300
Processing by PostsController#index as HTML
  Rendering posts/index.html.erb within layouts/application
  Rendered posts/index.html.erb within layouts/application (0.4ms)
  [1m[36mUser Load (0.5ms)[0m  [1m[34mSELECT  "users".* FROM "users" WHERE "users"."id" = ? LIMIT ?[0m  [["id", 1], ["LIMIT", 1]]
  ↳ app/helpers/sessions_helper.rb:16
  Rendered layouts/_header.html.erb (3.5ms)
Completed 200 OK in 35ms (Views: 33.2ms | ActiveRecord: 0.5ms)


Started DELETE "/logout" for 127.0.0.1 at 2019-07-31 19:24:06 +0300
Processing by SessionsController#destroy as HTML
  Parameters: {"authenticity_token"=>"DaKqBCZfw7rNuY22n7KWbf+LQnEXIHbD6oEHAuFNljDKWFmJYQ0O/AzY//51wBeUh5KwdgpLWf+irNB99e3UoA=="}
  [1m[36mUser Load (0.1ms)[0m  [1m[34mSELECT  "users".* FROM "users" WHERE "users"."id" = ? LIMIT ?[0m  [["id", 1], ["LIMIT", 1]]
  ↳ app/helpers/sessions_helper.rb:16
Redirected to http://localhost:3000/post
Completed 302 Found in 2ms (ActiveRecord: 0.1ms)


Started GET "/post" for 127.0.0.1 at 2019-07-31 19:24:06 +0300
Processing by PostsController#index as HTML
  Rendering posts/index.html.erb within layouts/application
  Rendered posts/index.html.erb within layouts/application (1.2ms)
  [1m[36mUser Load (0.5ms)[0m  [1m[34mSELECT  "users".* FROM "users" WHERE "users"."id" = ? LIMIT ?[0m  [["id", 1], ["LIMIT", 1]]
  ↳ app/helpers/sessions_helper.rb:18
  Rendered layouts/_header.html.erb (14.0ms)
Completed 500 Internal Server Error in 93ms (ActiveRecord: 0.5ms)


  
ActionView::Template::Error (invalid hash):
    4:     <nav>
    5:       <ul class="nav navbar-nav navbar-right">
    6:         
    7:         <% if logged_in? %>
    8:             <ul>
    9:               <li>
   10:                 <%= link_to "Log out", logout_path, method: :delete %>
  
app/models/user.rb:22:in `new'
app/models/user.rb:22:in `authenticated?'
app/helpers/sessions_helper.rb:19:in `current_user'
app/helpers/sessions_helper.rb:33:in `logged_in?'
app/views/layouts/_header.html.erb:7:in `_app_views_layouts__header_html_erb___2013069647440036129_70031343597540'
app/views/layouts/application.html.erb:13:in `_app_views_layouts_application_html_erb___3101433755657030676_70031326691100'
